<?xml version="1.0" encoding="UTF-8"?>
<!-- Generated by org.testng.reporters.JUnitReportReporter -->
<testsuite hostname="Vaishnavi6" failures="0" tests="1" name="Api_testing.Dummyjson" time="5.798" errors="0" timestamp="2024-10-03T00:05:20 IST" skipped="0">
  <testcase classname="Api_testing.Dummyjson" name="deletproduct" time="5.798"/>
  <system-out/>
</testsuite> <!-- Api_testing.Dummyjson -->
